<?xml version="1.0" encoding="utf-8"?><testsuites name="pytest tests"><testsuite name="pytest" errors="0" failures="0" skipped="0" tests="81" time="7.156" timestamp="2026-03-25T14:24:36.975742-05:00" hostname="DESKTOP-96PJ0VK"><testcase classname="backend.apps.leagues_manager.tests.test_process_fuente_robot_association" name="test_robot_factory_tiene_todos_los_tipos" time="0.006" /><testcase classname="backend.apps.leagues_manager.tests.test_process_fuente_robot_association" name="test_fuente_standings_selecciona_standings_robot" time="0.001" /><testcase classname="backend.apps.leagues_manager.tests.test_process_fuente_robot_association" name="test_fuente_odds_selecciona_odds_robot" time="0.000" /><testcase classname="backend.apps.leagues_manager.tests.test_process_fuente_robot_association" name="test_fuente_calendar_selecciona_calendar_robot" time="0.000" /><testcase classname="backend.apps.leagues_manager.tests.test_process_fuente_robot_association" name="test_proceso_con_multiples_fuentes_selecciona_robots_correctos" time="0.000" /><testcase classname="backend.apps.leagues_manager.tests.test_process_fuente_robot_association" name="test_proceso_sin_fuente_no_selecciona_robot" time="0.001" /><testcase classname="backend.apps.leagues_manager.tests.test_process_fuente_robot_association" name="test_proceso_con_fuente_inactiva_no_selecciona_robot" time="0.001" /><testcase classname="backend.apps.leagues_manager.tests.test_process_fuente_robot_association" name="test_robot_se_registra_automaticamente_al_importar" time="0.001" /><testcase classname="backend.apps.leagues_manager.tests.test_process_fuente_robot_association" name="test_robot_no_se_registra_si_no_se_importa" time="0.001" /><testcase classname="backend.apps.leagues_manager.tests.test_process_fuente_robot_association" name="test_job_runner_usa_registro_automatico" time="0.000" /><testcase classname="backend.apps.leagues_manager.tests.test_process_fuente_robot_association" name="test_job_runner_acepta_factory_personalizado" time="0.000" /><testcase classname="backend.apps.leagues_manager.tests.test_process_run_flow" name="test_standings_robot_escribe_logs_start_y_end" time="1.517" /><testcase classname="backend.apps.leagues_manager.tests.test_process_run_flow" name="test_run_id_propagado_correctamente_en_logs" time="1.507" /><testcase classname="backend.apps.leagues_manager.tests.test_process_run_flow" name="test_detalle_id_diferente_por_robot" time="2.513" /><testcase classname="backend.apps.leagues_manager.tests.test_process_run_integration" name="test_integration_create_run_y_write_logs" time="0.097" /><testcase classname="backend.apps.leagues_manager.tests.test_semaphore_differentiation.TestSemaphoreDifferentiation" name="test_different_concurrency_per_type" time="0.001" /><testcase classname="backend.apps.leagues_manager.tests.test_semaphore_differentiation.TestSemaphoreDifferentiation" name="test_semaphore_independence" time="0.003" /><testcase classname="backend.apps.leagues_manager.tests.test_semaphore_differentiation.TestSemaphoreDifferentiation" name="test_semaphore_limits_respected" time="0.048" /><testcase classname="backend.apps.leagues_manager.tests.test_semaphore_differentiation.TestSemaphoreDifferentiation" name="test_global_semaphore_fallback" time="0.002" /><testcase classname="backend.apps.leagues_manager.tests.test_semaphore_differentiation.TestSemaphoreDifferentiation" name="test_semaphore_logging" time="0.001" /><testcase classname="backend.core.exceptions.tests.test_exceptions" name="test_tipster_byte_exception_to_dict" time="0.001" /><testcase classname="backend.core.exceptions.tests.test_exceptions" name="test_tipster_byte_exception_str" time="0.001" /><testcase classname="backend.core.exceptions.tests.test_exceptions" name="test_tipster_byte_exception_without_suggestion" time="0.001" /><testcase classname="backend.core.exceptions.tests.test_exceptions" name="test_process_not_found_exception" time="0.001" /><testcase classname="backend.core.exceptions.tests.test_exceptions" name="test_process_inactive_exception" time="0.001" /><testcase classname="backend.core.exceptions.tests.test_exceptions" name="test_process_run_creation_exception" time="0.001" /><testcase classname="backend.core.exceptions.tests.test_exceptions" name="test_no_active_jobs_exception" time="0.001" /><testcase classname="backend.core.exceptions.tests.test_exceptions" name="test_fuente_not_found_exception" time="0.001" /><testcase classname="backend.core.exceptions.tests.test_exceptions" name="test_fuente_inactive_exception" time="0.001" /><testcase classname="backend.core.exceptions.tests.test_exceptions" name="test_detalle_inactive_exception" time="0.001" /><testcase classname="backend.core.exceptions.tests.test_exceptions" name="test_robot_not_found_exception" time="0.000" /><testcase classname="backend.core.exceptions.tests.test_exceptions" name="test_scraping_exception" time="0.000" /><testcase classname="backend.core.exceptions.tests.test_exceptions" name="test_scraping_exception_without_original_error" time="0.000" /><testcase classname="backend.core.exceptions.tests.test_exceptions" name="test_scraping_timeout_exception" time="0.001" /><testcase classname="backend.core.exceptions.tests.test_exceptions" name="test_scraping_parsing_exception" time="0.001" /><testcase classname="backend.core.exceptions.tests.test_exceptions" name="test_semaphore_timeout_exception" time="0.000" /><testcase classname="backend.core.exceptions.tests.test_exceptions" name="test_max_retries_exceeded_exception" time="0.001" /><testcase classname="backend.core.exceptions.tests.test_exceptions" name="test_process_exceptions_inherit_from_process_exception" time="0.000" /><testcase classname="backend.core.exceptions.tests.test_exceptions" name="test_fuente_exceptions_inherit_from_fuente_exception" time="0.000" /><testcase classname="backend.core.exceptions.tests.test_exceptions" name="test_robot_exceptions_inherit_from_robot_exception" time="0.000" /><testcase classname="backend.core.exceptions.tests.test_exceptions" name="test_concurrency_exceptions_inherit_from_concurrency_exception" time="0.000" /><testcase classname="backend.core.exceptions.tests.test_exceptions" name="test_all_exceptions_inherit_from_tipster_byte_exception" time="0.000" /><testcase classname="backend.core.scheduler.tests.test_jobs_loader.TestGetScheduledJobsFromDB" name="test_get_jobs_with_valid_process_names" time="0.002" /><testcase classname="backend.core.scheduler.tests.test_jobs_loader.TestGetScheduledJobsFromDB" name="test_get_jobs_with_unregistered_process" time="0.002" /><testcase classname="backend.core.scheduler.tests.test_jobs_loader.TestGetScheduledJobsFromDB" name="test_get_jobs_empty_database" time="0.001" /><testcase classname="backend.core.scheduler.tests.test_jobs_loader.TestRegisterJobs" name="test_register_jobs_with_valid_config" time="0.004" /><testcase classname="backend.core.scheduler.tests.test_jobs_loader.TestRegisterJobs" name="test_register_jobs_with_missing_function" time="0.002" /><testcase classname="backend.core.scheduler.tests.test_jobs_loader.TestSchedulerService" name="test_get_status_when_running" time="0.186" /><testcase classname="backend.core.scheduler.tests.test_jobs_loader.TestSchedulerService" name="test_get_status_when_not_running" time="0.002" /><testcase classname="backend.core.scheduler.tests.test_jobs_loader.TestSchedulerService" name="test_pause_all_jobs" time="0.001" /><testcase classname="backend.core.scheduler.tests.test_jobs_loader.TestSchedulerService" name="test_resume_all_jobs" time="0.001" /><testcase classname="backend.core.scheduler.tests.test_jobs_loader.TestSchedulerService" name="test_pause_specific_job" time="0.001" /><testcase classname="backend.core.scheduler.tests.test_jobs_loader.TestSchedulerService" name="test_resume_specific_job" time="0.001" /><testcase classname="backend.core.scheduler.tests.test_jobs_loader.TestSchedulerService" name="test_reload_jobs" time="0.001" /><testcase classname="backend.core.scheduler.tests.test_jobs_loader.TestSchedulerIntegration" name="test_full_scheduler_startup_flow" time="0.003" /><testcase classname="backend.core.tests.test_logger.TestInterceptHandler" name="test_emit_with_valid_level_real" time="0.002" /><testcase classname="backend.core.tests.test_logger.TestInterceptHandler" name="test_emit_with_custom_level" time="0.001" /><testcase classname="backend.core.tests.test_logger.TestInterceptHandler" name="test_emit_with_exception_info" time="0.007" /><testcase classname="backend.core.tests.test_logger.TestInterceptHandler" name="test_emit_from_logging_module" time="0.001" /><testcase classname="backend.core.tests.test_logger.TestSafeAddSink" name="test_safe_add_sink_success" time="0.006" /><testcase classname="backend.core.tests.test_logger.TestSafeAddSink" name="test_safe_add_sink_with_invalid_rotation" time="0.003" /><testcase classname="backend.core.tests.test_logger.TestSafeAddSink" name="test_safe_add_sink_with_invalid_path" time="0.002" /><testcase classname="backend.core.tests.test_logger.TestConfigureLogging" name="test_configure_logging_real_execution" time="0.015" /><testcase classname="backend.core.tests.test_logger.TestConfigureLogging" name="test_configure_logging_with_filters" time="0.013" /><testcase classname="backend.core.tests.test_logger.TestConfigureLogging" name="test_configure_logging_with_robots" time="0.012" /><testcase classname="backend.core.tests.test_robot_logging.TestLogSymbols" name="test_log_symbols_has_required_attributes" time="0.000" /><testcase classname="backend.core.tests.test_robot_logging.TestGetRobotEmoji" name="test_get_robot_emoji_standings" time="0.000" /><testcase classname="backend.core.tests.test_robot_logging.TestGetRobotEmoji" name="test_get_robot_emoji_odds" time="0.000" /><testcase classname="backend.core.tests.test_robot_logging.TestGetRobotEmoji" name="test_get_robot_emoji_calendar" time="0.000" /><testcase classname="backend.core.tests.test_robot_logging.TestGetRobotEmoji" name="test_get_robot_emoji_unknown" time="0.000" /><testcase classname="backend.core.tests.test_robot_logging.TestGetRobotEmoji" name="test_get_robot_emoji_case_insensitive" time="0.000" /><testcase classname="backend.core.tests.test_robot_logging.TestFormatRunContext" name="test_format_run_context_basic" time="0.000" /><testcase classname="backend.core.tests.test_robot_logging.TestFormatRunContext" name="test_format_run_context_short_run_id" time="0.001" /><testcase classname="backend.core.tests.test_robot_logging.TestLogRobotStart" name="test_log_robot_start_calls_logger" time="0.001" /><testcase classname="backend.core.tests.test_robot_logging.TestLogRobotEnd" name="test_log_robot_end_success" time="0.001" /><testcase classname="backend.core.tests.test_robot_logging.TestLogRobotEnd" name="test_log_robot_end_error" time="0.001" /><testcase classname="backend.core.tests.test_robot_logging.TestLogStep" name="test_log_step_info" time="0.001" /><testcase classname="backend.core.tests.test_robot_logging.TestLogStep" name="test_log_step_warning" time="0.001" /><testcase classname="backend.core.tests.test_robot_logging.TestLogStep" name="test_log_step_error" time="0.001" /><testcase classname="backend.core.tests.test_robot_logging.TestLogSemaphoreStatus" name="test_log_semaphore_status_configured" time="0.001" /><testcase classname="backend.core.tests.test_robot_logging.TestLogSemaphoreStatus" name="test_log_semaphore_status_waiting" time="0.001" /></testsuite></testsuites>