<?xml version="1.0" encoding="utf-8"?><testsuites name="pytest tests"><testsuite name="pytest" errors="0" failures="0" skipped="0" tests="20" time="2.404" timestamp="2026-03-28T21:12:51.377121-05:00" hostname="DESKTOP-96PJ0VK"><testcase classname="backend.apps.auth.tests.test_password_handler.TestPasswordHandlerArgon2id" name="test_hash_password_argon2id" time="0.039" /><testcase classname="backend.apps.auth.tests.test_password_handler.TestPasswordHandlerArgon2id" name="test_verify_password_argon2id_correct" time="0.073" /><testcase classname="backend.apps.auth.tests.test_password_handler.TestPasswordHandlerArgon2id" name="test_verify_password_argon2id_incorrect" time="0.074" /><testcase classname="backend.apps.auth.tests.test_password_handler.TestPasswordHandlerBcryptLegacy" name="test_verify_bcrypt_hash_still_works" time="0.430" /><testcase classname="backend.apps.auth.tests.test_password_handler.TestPasswordHandlerBcryptLegacy" name="test_verify_bcrypt_wrong_password" time="0.396" /><testcase classname="backend.apps.auth.tests.test_password_handler.TestPasswordHandlerNeedsRehash" name="test_needs_rehash_bcrypt" time="0.212" /><testcase classname="backend.apps.auth.tests.test_password_handler.TestPasswordHandlerNeedsRehash" name="test_needs_rehash_argon2id_current_config" time="0.039" /><testcase classname="backend.apps.auth.tests.test_password_handler.TestPasswordHandlerGetAlgorithm" name="test_get_algorithm_argon2id" time="0.038" /><testcase classname="backend.apps.auth.tests.test_password_handler.TestPasswordHandlerGetAlgorithm" name="test_get_algorithm_bcrypt" time="0.212" /><testcase classname="backend.apps.auth.tests.test_password_handler.TestPasswordHandlerStrengthValidation" name="test_is_strong_password_valid" time="0.001" /><testcase classname="backend.apps.auth.tests.test_password_handler.TestPasswordHandlerStrengthValidation" name="test_is_strong_password_too_short" time="0.000" /><testcase classname="backend.apps.auth.tests.test_password_handler.TestPasswordHandlerMigration" name="test_migration_flow" time="0.488" /><testcase classname="backend.apps.auth.tests.test_jwt_handler.TestJWTHandler" name="test_create_access_token" time="0.007" /><testcase classname="backend.apps.auth.tests.test_jwt_handler.TestJWTHandler" name="test_create_refresh_token" time="0.001" /><testcase classname="backend.apps.auth.tests.test_jwt_handler.TestJWTHandler" name="test_verify_token_valid" time="0.001" /><testcase classname="backend.apps.auth.tests.test_jwt_handler.TestJWTHandler" name="test_verify_token_invalid" time="0.000" /><testcase classname="backend.apps.auth.tests.test_jwt_handler.TestJWTHandler" name="test_get_user_id_from_token" time="0.001" /><testcase classname="backend.apps.auth.tests.test_jwt_handler.TestJWTHandler" name="test_get_username_from_token" time="0.001" /><testcase classname="backend.apps.auth.tests.test_jwt_handler.TestJWTHandler" name="test_get_roles_from_token" time="0.001" /><testcase classname="backend.apps.auth.tests.test_jwt_handler.TestJWTHandler" name="test_get_token_type" time="0.001" /></testsuite></testsuites>